<?xml version="1.0" encoding="UTF-8"?>
<!-- Generated by org.testng.reporters.JUnitXMLReporter -->
<testsuite ignored="0" hostname="DESKTOP-9UM4G0E" failures="1" tests="1" name="SendEmailAndValidate" time="22.281" errors="0" timestamp="07 Nov 2020 17:47:40 GMT">
  <testcase classname="runnerFiles.RunTestNGTest" name="@AfterClass tearDownClass" time="1.149">
    <failure type="java.lang.NullPointerException" message="Cannot invoke &amp;quot;cucumber.api.testng.TestNGCucumberRunner.finish()&amp;quot; because &amp;quot;this.testNGCucumberRunner&amp;quot; is null">
      <![CDATA[java.lang.NullPointerException: Cannot invoke "cucumber.api.testng.TestNGCucumberRunner.finish()" because "this.testNGCucumberRunner" is null
at runnerFiles.RunTestNGTest.tearDownClass(RunTestNGTest.java:30)
... Removed 26 stack frames]]>
    </failure>
  </testcase> <!-- @AfterClass tearDownClass -->
  <testcase classname="runnerFiles.RunTestNGTest" name="feature" time="0.0">
    <failure type="org.testng.TestNGException" message="
Cannot inject @Test annotated Method [feature] with [interface cucumber.api.testng.CucumberFeatureWrapper].
For more information on native dependency injection please refer to http://testng.org/doc/documentation-main.html#native-dependency-injection">
      <![CDATA[org.testng.TestNGException: 
Cannot inject @Test annotated Method [feature] with [interface cucumber.api.testng.CucumberFeatureWrapper].
For more information on native dependency injection please refer to http://testng.org/doc/documentation-main.html#native-dependency-injection
... Removed 24 stack frames]]>
    </failure>
  </testcase> <!-- feature -->
</testsuite> <!-- SendEmailAndValidate -->
