<html>
<head>
<title>TestNG:  SendAMailAndValidate</title>
<link href="../testng.css" rel="stylesheet" type="text/css" />
<link href="../my-testng.css" rel="stylesheet" type="text/css" />

<style type="text/css">
.log { display: none;} 
.stack-trace { display: none;} 
</style>
<script type="text/javascript">
<!--
function flip(e) {
  current = e.style.display;
  if (current == 'block') {
    e.style.display = 'none';
    return 0;
  }
  else {
    e.style.display = 'block';
    return 1;
  }
}

function toggleBox(szDivId, elem, msg1, msg2)
{
  var res = -1;  if (document.getElementById) {
    res = flip(document.getElementById(szDivId));
  }
  else if (document.all) {
    // this is the way old msie versions work
    res = flip(document.all[szDivId]);
  }
  if(elem) {
    if(res == 0) elem.innerHTML = msg1; else elem.innerHTML = msg2;
  }

}

function toggleAllBoxes() {
  if (document.getElementsByTagName) {
    d = document.getElementsByTagName('div');
    for (i = 0; i < d.length; i++) {
      if (d[i].className == 'log') {
        flip(d[i]);
      }
    }
  }
}

// -->
</script>

</head>
<body>
<h2 align='center'>SendAMailAndValidate</h2><table border='1' align="center">
<tr>
<td>Tests passed/Failed/Skipped:</td><td>4/0/0</td>
</tr><tr>
<td>Started on:</td><td>Mon Nov 09 00:23:15 IST 2020</td>
</tr>
<tr><td>Total time:</td><td>54 seconds (54916 ms)</td>
</tr><tr>
<td>Included groups:</td><td></td>
</tr><tr>
<td>Excluded groups:</td><td></td>
</tr>
</table><p/>
<small><i>(Hover the method name to see the test class name)</i></small><p/>
<table width='100%' border='1' class='invocation-failed'>
<tr><td colspan='4' align='center'><b>FAILED CONFIGURATIONS</b></td></tr>
<tr><td><b>Test method</b></td>
<td width="30%"><b>Exception</b></td>
<td width="10%"><b>Time (seconds)</b></td>
<td><b>Instance</b></td>
</tr>
<tr>
<td title='runnerFiles.RunTestNGTest.tearDownClass()'><b>tearDownClass</b><br>Test class: runnerFiles.RunTestNGTest</td>
<td><div><pre>java.lang.NullPointerException: Cannot invoke &quot;cucumber.api.testng.TestNGCucumberRunner.finish()&quot; because &quot;this.testNGCucumberRunner&quot; is null
	at runnerFiles.RunTestNGTest.tearDownClass(RunTestNGTest.java:24)
... Removed 24 stack frames</pre></div><a href='#' onClick='toggleBox("stack-trace765880900", this, "Click to show all stack frames", "Click to hide stack frames")'>Click to show all stack frames</a>
<div class='stack-trace' id='stack-trace765880900'><pre>java.lang.NullPointerException: Cannot invoke &quot;cucumber.api.testng.TestNGCucumberRunner.finish()&quot; because &quot;this.testNGCucumberRunner&quot; is null
	at runnerFiles.RunTestNGTest.tearDownClass(RunTestNGTest.java:24)
	at java.base/jdk.internal.reflect.NativeMethodAccessorImpl.invoke0(Native Method)
	at java.base/jdk.internal.reflect.NativeMethodAccessorImpl.invoke(NativeMethodAccessorImpl.java:62)
	at java.base/jdk.internal.reflect.DelegatingMethodAccessorImpl.invoke(DelegatingMethodAccessorImpl.java:43)
	at java.base/java.lang.reflect.Method.invoke(Method.java:564)
	at org.testng.internal.MethodInvocationHelper.invokeMethod(MethodInvocationHelper.java:124)
	at org.testng.internal.MethodInvocationHelper.invokeMethodConsideringTimeout(MethodInvocationHelper.java:59)
	at org.testng.internal.Invoker.invokeConfigurationMethod(Invoker.java:458)
	at org.testng.internal.Invoker.invokeConfigurations(Invoker.java:222)
	at org.testng.internal.Invoker.invokeConfigurations(Invoker.java:142)
	at org.testng.TestRunner.afterRun(TestRunner.java:725)
	at org.testng.TestRunner.run(TestRunner.java:509)
	at org.testng.SuiteRunner.runTest(SuiteRunner.java:455)
	at org.testng.SuiteRunner.runSequentially(SuiteRunner.java:450)
	at org.testng.SuiteRunner.privateRun(SuiteRunner.java:415)
	at org.testng.SuiteRunner.run(SuiteRunner.java:364)
	at org.testng.SuiteRunnerWorker.runSuite(SuiteRunnerWorker.java:52)
	at org.testng.SuiteRunnerWorker.run(SuiteRunnerWorker.java:84)
	at org.testng.TestNG.runSuitesSequentially(TestNG.java:1208)
	at org.testng.TestNG.runSuitesLocally(TestNG.java:1137)
	at org.testng.TestNG.runSuites(TestNG.java:1049)
	at org.testng.TestNG.run(TestNG.java:1017)
	at org.testng.remote.AbstractRemoteTestNG.run(AbstractRemoteTestNG.java:115)
	at org.testng.remote.RemoteTestNG.initAndRun(RemoteTestNG.java:251)
	at org.testng.remote.RemoteTestNG.main(RemoteTestNG.java:77)
</pre></div></td>
<td>0</td>
<td>runnerFiles.RunTestNGTest@63070bab</td></tr>
</table><p>
<table width='100%' border='1' class='invocation-passed'>
<tr><td colspan='4' align='center'><b>PASSED TESTS</b></td></tr>
<tr><td><b>Test method</b></td>
<td width="30%"><b>Exception</b></td>
<td width="10%"><b>Time (seconds)</b></td>
<td><b>Instance</b></td>
</tr>
<tr>
<td title='runnerFiles.RunTestNGTest.runScenario()'><b>runScenario</b><br>Test class: runnerFiles.RunTestNGTest<br>Test method: Runs Cucumber Scenarios<br>Parameters: "send email to group", "SendAMailAndValidate"<br/>
<a href="#Output-1565096593" onClick='toggleBox("Output-1565096593", this, "Show output", "Hide output");'>Show output</a>

<a href="#Output-1565096593" onClick="toggleAllBoxes();">Show all outputs</a>
<div class='log' id="Output-1565096593">
<div "result">I Login into an aconex application (PASSED : 5s)</div><br/>
<div "result">I fill Mandatory fields in New Mail tab (PASSED : 12s)</div><br/>
<div "result">click on Send (PASSED : 3s)</div><br/>
<div "result">Mail should send successfully (PASSED : 0s)</div><br/>
</div>
</td>
<td></td>
<td>22</td>
<td>runnerFiles.RunTestNGTest@63070bab</td></tr>
<tr>
<td title='runnerFiles.RunTestNGTest.runScenario()'><b>runScenario</b><br>Test class: runnerFiles.RunTestNGTest<br>Test method: Runs Cucumber Scenarios<br>Parameters: "validate email in All Mails", "SendAMailAndValidate"<br/>
<a href="#Output-1271084832" onClick='toggleBox("Output-1271084832", this, "Show output", "Hide output");'>Show output</a>

<a href="#Output-1271084832" onClick="toggleAllBoxes();">Show all outputs</a>
<div class='log' id="Output-1271084832">
<div "result">I Navigate to All Mails Screen (PASSED : 1s)</div><br/>
<div "result">Search with Email Reference (PASSED : 1s)</div><br/>
<div "result">Mail should displayed in Search Results successfully (PASSED : 0s)</div><br/>
</div>
</td>
<td></td>
<td>3</td>
<td>runnerFiles.RunTestNGTest@63070bab</td></tr>
<tr>
<td title='runnerFiles.RunTestNGTest.runScenario()'><b>runScenario</b><br>Test class: runnerFiles.RunTestNGTest<br>Test method: Runs Cucumber Scenarios<br>Parameters: "upload a document", "Upload a new Document"<br/>
<a href="#Output-1016625178" onClick='toggleBox("Output-1016625178", this, "Show output", "Hide output");'>Show output</a>

<a href="#Output-1016625178" onClick="toggleAllBoxes();">Show all outputs</a>
<div class='log' id="Output-1016625178">
<div "result">I fill Mandatory fields in Upload Document tab (PASSED : 9s)</div><br/>
<div "result">click on Upload (PASSED : 2s)</div><br/>
<div "result">Document should uploaded successfully (PASSED : 0s)</div><br/>
</div>
</td>
<td></td>
<td>12</td>
<td>runnerFiles.RunTestNGTest@63070bab</td></tr>
<tr>
<td title='runnerFiles.RunTestNGTest.runScenario()'><b>runScenario</b><br>Test class: runnerFiles.RunTestNGTest<br>Test method: Runs Cucumber Scenarios<br>Parameters: "search uploaded document and save search", "Upload a new Document"<br/>
<a href="#Output-1174478906" onClick='toggleBox("Output-1174478906", this, "Show output", "Hide output");'>Show output</a>

<a href="#Output-1174478906" onClick="toggleAllBoxes();">Show all outputs</a>
<div class='log' id="Output-1174478906">
<div "result">I Navigate to Document Register Screen (PASSED : 2s)</div><br/>
<div "result">Search with uploaded Document Reference (PASSED : 1s)</div><br/>
<div "result">I can Save search results (PASSED : 1s)</div><br/>
<div "result">logout From Application (PASSED : 1s)</div><br/>
</div>
</td>
<td></td>
<td>6</td>
<td>runnerFiles.RunTestNGTest@63070bab</td></tr>
</table><p>
</body>
</html>